<?xml version="1.0" encoding="UTF-8"?>
<!-- Generated by org.testng.reporters.JUnitReportReporter -->
<testsuite hostname="Owner-PC" name="M.M.AppTest" tests="1" failures="0" timestamp="3 May 2016 08:53:59 GMT" time="0.023" errors="0">
  <testcase name="testApp" time="0.023" classname="M.M.AppTest"/>
</testsuite> <!-- M.M.AppTest -->
