<?xml version="1.0" encoding="UTF-8"?>
<!-- Generated by org.testng.reporters.JUnitReportReporter -->
<testsuite hostname="Owner-PC" name="com.yt.TestBrowsers" tests="1" failures="0" timestamp="16 May 2016 09:39:57 GMT" time="2.213" errors="0">
  <testcase name="start" time="2.213" classname="com.yt.TestBrowsers"/>
</testsuite> <!-- com.yt.TestBrowsers -->
