<?xml version="1.0" encoding="UTF-8"?>
<!-- Generated by org.testng.reporters.JUnitReportReporter -->
<testsuite hostname="Owner-PC" name="com.yt.TestNGForce" tests="2" failures="0" timestamp="31 May 2016 02:54:06 GMT" time="0.028" errors="0">
  <testcase name="test01" time="0.021" classname="com.yt.TestNGForce"/>
  <testcase name="test02" time="0.007" classname="com.yt.TestNGForce"/>
</testsuite> <!-- com.yt.TestNGForce -->
