<?xml version="1.0" encoding="UTF-8"?>
<!-- Generated by org.testng.reporters.JUnitReportReporter -->
<testsuite hostname="Owner-PC" name="com.yt.TestBrowsers" tests="1" failures="0" timestamp="31 May 2016 02:54:50 GMT" time="1.010" errors="0">
  <testcase name="start" time="1.010" classname="com.yt.TestBrowsers"/>
</testsuite> <!-- com.yt.TestBrowsers -->
