<?xml version="1.0" encoding="UTF-8"?>
<!-- Generated by org.testng.reporters.JUnitReportReporter -->
<testsuite hostname="Owner-PC" name="M.M.TestBrowsers" tests="1" failures="0" timestamp="5 May 2016 09:38:48 GMT" time="5.011" errors="0">
  <testcase name="start" time="5.011" classname="M.M.TestBrowsers"/>
</testsuite> <!-- M.M.TestBrowsers -->
