<?xml version="1.0" encoding="UTF-8"?>
<!-- Generated by org.testng.reporters.JUnitReportReporter -->
<testsuite hostname="Owner-PC" name="com.yt.TestNGSecond" tests="2" failures="0" timestamp="31 May 2016 02:54:50 GMT" time="0.003" errors="0">
  <testcase name="test01" time="0.002" classname="com.yt.TestNGSecond"/>
  <testcase name="test02" time="0.001" classname="com.yt.TestNGSecond"/>
</testsuite> <!-- com.yt.TestNGSecond -->
